<?xml version="1.0" encoding="UTF-8"?>
<!-- Generated by org.testng.reporters.JUnitReportReporter -->
<testsuite hostname="Tester-PC" failures="0" tests="1" name="Applications.votecode" time="17.189" errors="0" timestamp="24 Aug 2023 10:23:38 GMT" skipped="0">
  <testcase classname="Applications.votecode" name="testIFrameHandling" time="17.189"/>
</testsuite> <!-- Applications.votecode -->
